[14-Mar-2014 16:53:15 UTC] PHP Warning:  PHP Startup: Unable to load dynamic library '/usr/lib/php/extensions/no-debug-non-zts-20100525/php_intl.dll' - dlopen(/usr/lib/php/extensions/no-debug-non-zts-20100525/php_intl.dll, 9): image not found in Unknown on line 0
[14-Mar-2014 16:53:15 UTC] PHP Warning:  PHP Startup: Unable to load dynamic library '/usr/lib/php/extensions/no-debug-non-zts-20100525/php_mysql.dll' - dlopen(/usr/lib/php/extensions/no-debug-non-zts-20100525/php_mysql.dll, 9): image not found in Unknown on line 0
[14-Mar-2014 16:53:15 UTC] PHP Warning:  PHP Startup: Unable to load dynamic library '/usr/lib/php/extensions/no-debug-non-zts-20100525/php_mysqli.dll' - dlopen(/usr/lib/php/extensions/no-debug-non-zts-20100525/php_mysqli.dll, 9): image not found in Unknown on line 0
[14-Mar-2014 16:53:15 UTC] PHP Fatal error:  Class 'Money' not found in /Users/emilie.ying/projects/phpunit_test/src/autoload.php on line 6
[14-Mar-2014 16:53:45 UTC] PHP Warning:  PHP Startup: Unable to load dynamic library '/usr/lib/php/extensions/no-debug-non-zts-20100525/php_intl.dll' - dlopen(/usr/lib/php/extensions/no-debug-non-zts-20100525/php_intl.dll, 9): image not found in Unknown on line 0
[14-Mar-2014 16:53:45 UTC] PHP Warning:  PHP Startup: Unable to load dynamic library '/usr/lib/php/extensions/no-debug-non-zts-20100525/php_mysql.dll' - dlopen(/usr/lib/php/extensions/no-debug-non-zts-20100525/php_mysql.dll, 9): image not found in Unknown on line 0
[14-Mar-2014 16:53:45 UTC] PHP Warning:  PHP Startup: Unable to load dynamic library '/usr/lib/php/extensions/no-debug-non-zts-20100525/php_mysqli.dll' - dlopen(/usr/lib/php/extensions/no-debug-non-zts-20100525/php_mysqli.dll, 9): image not found in Unknown on line 0
[19-Mar-2014 17:47:21 UTC] PHP Warning:  PHP Startup: Unable to load dynamic library '/usr/lib/php/extensions/no-debug-non-zts-20100525/php_intl.dll' - dlopen(/usr/lib/php/extensions/no-debug-non-zts-20100525/php_intl.dll, 9): image not found in Unknown on line 0
[19-Mar-2014 17:47:21 UTC] PHP Warning:  PHP Startup: Unable to load dynamic library '/usr/lib/php/extensions/no-debug-non-zts-20100525/php_mysql.dll' - dlopen(/usr/lib/php/extensions/no-debug-non-zts-20100525/php_mysql.dll, 9): image not found in Unknown on line 0
[19-Mar-2014 17:47:21 UTC] PHP Warning:  PHP Startup: Unable to load dynamic library '/usr/lib/php/extensions/no-debug-non-zts-20100525/php_mysqli.dll' - dlopen(/usr/lib/php/extensions/no-debug-non-zts-20100525/php_mysqli.dll, 9): image not found in Unknown on line 0
[19-Mar-2014 17:47:27 UTC] PHP Warning:  PHP Startup: Unable to load dynamic library '/usr/lib/php/extensions/no-debug-non-zts-20100525/php_intl.dll' - dlopen(/usr/lib/php/extensions/no-debug-non-zts-20100525/php_intl.dll, 9): image not found in Unknown on line 0
[19-Mar-2014 17:47:27 UTC] PHP Warning:  PHP Startup: Unable to load dynamic library '/usr/lib/php/extensions/no-debug-non-zts-20100525/php_mysql.dll' - dlopen(/usr/lib/php/extensions/no-debug-non-zts-20100525/php_mysql.dll, 9): image not found in Unknown on line 0
[19-Mar-2014 17:47:27 UTC] PHP Warning:  PHP Startup: Unable to load dynamic library '/usr/lib/php/extensions/no-debug-non-zts-20100525/php_mysqli.dll' - dlopen(/usr/lib/php/extensions/no-debug-non-zts-20100525/php_mysqli.dll, 9): image not found in Unknown on line 0
[19-Mar-2014 17:47:33 UTC] PHP Warning:  PHP Startup: Unable to load dynamic library '/usr/lib/php/extensions/no-debug-non-zts-20100525/php_intl.dll' - dlopen(/usr/lib/php/extensions/no-debug-non-zts-20100525/php_intl.dll, 9): image not found in Unknown on line 0
[19-Mar-2014 17:47:33 UTC] PHP Warning:  PHP Startup: Unable to load dynamic library '/usr/lib/php/extensions/no-debug-non-zts-20100525/php_mysql.dll' - dlopen(/usr/lib/php/extensions/no-debug-non-zts-20100525/php_mysql.dll, 9): image not found in Unknown on line 0
[19-Mar-2014 17:47:33 UTC] PHP Warning:  PHP Startup: Unable to load dynamic library '/usr/lib/php/extensions/no-debug-non-zts-20100525/php_mysqli.dll' - dlopen(/usr/lib/php/extensions/no-debug-non-zts-20100525/php_mysqli.dll, 9): image not found in Unknown on line 0
[20-Mar-2014 19:09:46 UTC] PHP Warning:  PHP Startup: Unable to load dynamic library '/usr/lib/php/extensions/no-debug-non-zts-20100525/php_intl.dll' - dlopen(/usr/lib/php/extensions/no-debug-non-zts-20100525/php_intl.dll, 9): image not found in Unknown on line 0
[20-Mar-2014 19:09:46 UTC] PHP Warning:  PHP Startup: Unable to load dynamic library '/usr/lib/php/extensions/no-debug-non-zts-20100525/php_mysql.dll' - dlopen(/usr/lib/php/extensions/no-debug-non-zts-20100525/php_mysql.dll, 9): image not found in Unknown on line 0
[20-Mar-2014 19:09:46 UTC] PHP Warning:  PHP Startup: Unable to load dynamic library '/usr/lib/php/extensions/no-debug-non-zts-20100525/php_mysqli.dll' - dlopen(/usr/lib/php/extensions/no-debug-non-zts-20100525/php_mysqli.dll, 9): image not found in Unknown on line 0
[20-Mar-2014 19:09:51 UTC] PHP Warning:  PHP Startup: Unable to load dynamic library '/usr/lib/php/extensions/no-debug-non-zts-20100525/php_intl.dll' - dlopen(/usr/lib/php/extensions/no-debug-non-zts-20100525/php_intl.dll, 9): image not found in Unknown on line 0
[20-Mar-2014 19:09:51 UTC] PHP Warning:  PHP Startup: Unable to load dynamic library '/usr/lib/php/extensions/no-debug-non-zts-20100525/php_mysql.dll' - dlopen(/usr/lib/php/extensions/no-debug-non-zts-20100525/php_mysql.dll, 9): image not found in Unknown on line 0
[20-Mar-2014 19:09:51 UTC] PHP Warning:  PHP Startup: Unable to load dynamic library '/usr/lib/php/extensions/no-debug-non-zts-20100525/php_mysqli.dll' - dlopen(/usr/lib/php/extensions/no-debug-non-zts-20100525/php_mysqli.dll, 9): image not found in Unknown on line 0
[23-Apr-2014 19:06:12 UTC] PHP Warning:  PHP Startup: Unable to load dynamic library '/usr/lib/php/extensions/no-debug-non-zts-20100525/php_intl.dll' - dlopen(/usr/lib/php/extensions/no-debug-non-zts-20100525/php_intl.dll, 9): image not found in Unknown on line 0
[23-Apr-2014 19:06:12 UTC] PHP Warning:  PHP Startup: Unable to load dynamic library '/usr/lib/php/extensions/no-debug-non-zts-20100525/php_mysql.dll' - dlopen(/usr/lib/php/extensions/no-debug-non-zts-20100525/php_mysql.dll, 9): image not found in Unknown on line 0
[23-Apr-2014 19:06:12 UTC] PHP Warning:  PHP Startup: Unable to load dynamic library '/usr/lib/php/extensions/no-debug-non-zts-20100525/php_mysqli.dll' - dlopen(/usr/lib/php/extensions/no-debug-non-zts-20100525/php_mysqli.dll, 9): image not found in Unknown on line 0
[23-Apr-2014 19:06:12 UTC] PHP Fatal error:  Class 'Money' not found in /Users/emilie.ying/projects/phpunit_test/tests/MoneyTest.php on line 7
[23-Apr-2014 19:07:55 UTC] PHP Warning:  PHP Startup: Unable to load dynamic library '/usr/lib/php/extensions/no-debug-non-zts-20100525/php_intl.dll' - dlopen(/usr/lib/php/extensions/no-debug-non-zts-20100525/php_intl.dll, 9): image not found in Unknown on line 0
[23-Apr-2014 19:07:55 UTC] PHP Warning:  PHP Startup: Unable to load dynamic library '/usr/lib/php/extensions/no-debug-non-zts-20100525/php_mysql.dll' - dlopen(/usr/lib/php/extensions/no-debug-non-zts-20100525/php_mysql.dll, 9): image not found in Unknown on line 0
[23-Apr-2014 19:07:55 UTC] PHP Warning:  PHP Startup: Unable to load dynamic library '/usr/lib/php/extensions/no-debug-non-zts-20100525/php_mysqli.dll' - dlopen(/usr/lib/php/extensions/no-debug-non-zts-20100525/php_mysqli.dll, 9): image not found in Unknown on line 0
[23-Apr-2014 19:12:22 UTC] PHP Warning:  PHP Startup: Unable to load dynamic library '/usr/lib/php/extensions/no-debug-non-zts-20100525/php_intl.dll' - dlopen(/usr/lib/php/extensions/no-debug-non-zts-20100525/php_intl.dll, 9): image not found in Unknown on line 0
[23-Apr-2014 19:12:22 UTC] PHP Warning:  PHP Startup: Unable to load dynamic library '/usr/lib/php/extensions/no-debug-non-zts-20100525/php_mysql.dll' - dlopen(/usr/lib/php/extensions/no-debug-non-zts-20100525/php_mysql.dll, 9): image not found in Unknown on line 0
[23-Apr-2014 19:12:22 UTC] PHP Warning:  PHP Startup: Unable to load dynamic library '/usr/lib/php/extensions/no-debug-non-zts-20100525/php_mysqli.dll' - dlopen(/usr/lib/php/extensions/no-debug-non-zts-20100525/php_mysqli.dll, 9): image not found in Unknown on line 0
[23-Apr-2014 19:12:22 UTC] PHP Fatal error:  Class 'Money' not found in /Users/emilie.ying/projects/phpunit_test/tests/MoneyTest.php on line 7
[23-Apr-2014 19:13:57 UTC] PHP Warning:  PHP Startup: Unable to load dynamic library '/usr/lib/php/extensions/no-debug-non-zts-20100525/php_intl.dll' - dlopen(/usr/lib/php/extensions/no-debug-non-zts-20100525/php_intl.dll, 9): image not found in Unknown on line 0
[23-Apr-2014 19:13:57 UTC] PHP Warning:  PHP Startup: Unable to load dynamic library '/usr/lib/php/extensions/no-debug-non-zts-20100525/php_mysql.dll' - dlopen(/usr/lib/php/extensions/no-debug-non-zts-20100525/php_mysql.dll, 9): image not found in Unknown on line 0
[23-Apr-2014 19:13:57 UTC] PHP Warning:  PHP Startup: Unable to load dynamic library '/usr/lib/php/extensions/no-debug-non-zts-20100525/php_mysqli.dll' - dlopen(/usr/lib/php/extensions/no-debug-non-zts-20100525/php_mysqli.dll, 9): image not found in Unknown on line 0
[23-Apr-2014 19:13:57 UTC] PHP Fatal error:  Class 'Money' not found in /Users/emilie.ying/projects/phpunit_test/tests/MoneyTest.php on line 7
[14-May-2014 14:29:52 UTC] PHP Warning:  PHP Startup: Unable to load dynamic library '/usr/lib/php/extensions/no-debug-non-zts-20100525/php_intl.dll' - dlopen(/usr/lib/php/extensions/no-debug-non-zts-20100525/php_intl.dll, 9): image not found in Unknown on line 0
[14-May-2014 14:29:52 UTC] PHP Warning:  PHP Startup: Unable to load dynamic library '/usr/lib/php/extensions/no-debug-non-zts-20100525/php_mysql.dll' - dlopen(/usr/lib/php/extensions/no-debug-non-zts-20100525/php_mysql.dll, 9): image not found in Unknown on line 0
[14-May-2014 14:29:52 UTC] PHP Warning:  PHP Startup: Unable to load dynamic library '/usr/lib/php/extensions/no-debug-non-zts-20100525/php_mysqli.dll' - dlopen(/usr/lib/php/extensions/no-debug-non-zts-20100525/php_mysqli.dll, 9): image not found in Unknown on line 0
[14-May-2014 14:29:52 UTC] PHP Fatal error:  Class 'PHPUnit_Framework_TestCase' not found in /Users/emilie.ying/projects/phpunit_test/tests/MoneyTest.php on line 3
[14-May-2014 14:30:28 UTC] PHP Warning:  PHP Startup: Unable to load dynamic library '/usr/lib/php/extensions/no-debug-non-zts-20100525/php_intl.dll' - dlopen(/usr/lib/php/extensions/no-debug-non-zts-20100525/php_intl.dll, 9): image not found in Unknown on line 0
[14-May-2014 14:30:28 UTC] PHP Warning:  PHP Startup: Unable to load dynamic library '/usr/lib/php/extensions/no-debug-non-zts-20100525/php_mysql.dll' - dlopen(/usr/lib/php/extensions/no-debug-non-zts-20100525/php_mysql.dll, 9): image not found in Unknown on line 0
[14-May-2014 14:30:28 UTC] PHP Warning:  PHP Startup: Unable to load dynamic library '/usr/lib/php/extensions/no-debug-non-zts-20100525/php_mysqli.dll' - dlopen(/usr/lib/php/extensions/no-debug-non-zts-20100525/php_mysqli.dll, 9): image not found in Unknown on line 0
[14-May-2014 14:30:28 UTC] PHP Fatal error:  Class 'Money' not found in /Users/emilie.ying/projects/phpunit_test/tests/MoneyTest.php on line 7
[14-May-2014 14:33:07 UTC] PHP Warning:  PHP Startup: Unable to load dynamic library '/usr/lib/php/extensions/no-debug-non-zts-20100525/php_intl.dll' - dlopen(/usr/lib/php/extensions/no-debug-non-zts-20100525/php_intl.dll, 9): image not found in Unknown on line 0
[14-May-2014 14:33:07 UTC] PHP Warning:  PHP Startup: Unable to load dynamic library '/usr/lib/php/extensions/no-debug-non-zts-20100525/php_mysql.dll' - dlopen(/usr/lib/php/extensions/no-debug-non-zts-20100525/php_mysql.dll, 9): image not found in Unknown on line 0
[14-May-2014 14:33:07 UTC] PHP Warning:  PHP Startup: Unable to load dynamic library '/usr/lib/php/extensions/no-debug-non-zts-20100525/php_mysqli.dll' - dlopen(/usr/lib/php/extensions/no-debug-non-zts-20100525/php_mysqli.dll, 9): image not found in Unknown on line 0
[14-May-2014 14:33:52 UTC] PHP Warning:  PHP Startup: Unable to load dynamic library '/usr/lib/php/extensions/no-debug-non-zts-20100525/php_intl.dll' - dlopen(/usr/lib/php/extensions/no-debug-non-zts-20100525/php_intl.dll, 9): image not found in Unknown on line 0
[14-May-2014 14:33:52 UTC] PHP Warning:  PHP Startup: Unable to load dynamic library '/usr/lib/php/extensions/no-debug-non-zts-20100525/php_mysql.dll' - dlopen(/usr/lib/php/extensions/no-debug-non-zts-20100525/php_mysql.dll, 9): image not found in Unknown on line 0
[14-May-2014 14:33:52 UTC] PHP Warning:  PHP Startup: Unable to load dynamic library '/usr/lib/php/extensions/no-debug-non-zts-20100525/php_mysqli.dll' - dlopen(/usr/lib/php/extensions/no-debug-non-zts-20100525/php_mysqli.dll, 9): image not found in Unknown on line 0
[14-May-2014 14:34:10 UTC] PHP Warning:  PHP Startup: Unable to load dynamic library '/usr/lib/php/extensions/no-debug-non-zts-20100525/php_intl.dll' - dlopen(/usr/lib/php/extensions/no-debug-non-zts-20100525/php_intl.dll, 9): image not found in Unknown on line 0
[14-May-2014 14:34:10 UTC] PHP Warning:  PHP Startup: Unable to load dynamic library '/usr/lib/php/extensions/no-debug-non-zts-20100525/php_mysql.dll' - dlopen(/usr/lib/php/extensions/no-debug-non-zts-20100525/php_mysql.dll, 9): image not found in Unknown on line 0
[14-May-2014 14:34:10 UTC] PHP Warning:  PHP Startup: Unable to load dynamic library '/usr/lib/php/extensions/no-debug-non-zts-20100525/php_mysqli.dll' - dlopen(/usr/lib/php/extensions/no-debug-non-zts-20100525/php_mysqli.dll, 9): image not found in Unknown on line 0
